Build started 6/26/2014 12:07:17 AM.
     1>Project "D:\VC\DmFmRecTag\DmFmRecTag\DmFmRecTag.vcxproj" on node 2 (Build target(s)).
     1>ClCompile:
         D:\visual studio2013\VC\bin\CL.exe /c /Zi /nologo /W3 /WX- /sdl /O2 /Oi /Oy- /GL /D _MBCS /Gm- /EHsc /MD /GS /Gy /fp:precise /Zc:wchar_t /Zc:forScope /Fo"Release\\" /Fd"Release\vc120.pdb" /Gd /TP /analyze- /errorReport:prompt Source.cpp
         Source.cpp
     1>Source.cpp(70): warning C4018: '<' : signed/unsigned mismatch
     1>Source.cpp(143): warning C4018: '<' : signed/unsigned mismatch
     1>Source.cpp(164): warning C4244: 'initializing' : conversion from 'double' to 'int', possible loss of data
     1>Source.cpp(201): warning C4018: '<' : signed/unsigned mismatch
     1>Source.cpp(356): warning C4018: '<' : signed/unsigned mismatch
     1>Source.cpp(434): warning C4018: '<' : signed/unsigned mismatch
     1>Source.cpp(439): warning C4018: '<' : signed/unsigned mismatch
       Link:
         D:\visual studio2013\VC\bin\link.exe /ERRORREPORT:PROMPT /OUT:"D:\VC\DmFmRecTag\Release\DmFmRecTag.exe" /NOLOGO kernel32.lib user32.lib gdi32.lib winspool.lib comdlg32.lib advapi32.lib shell32.lib ole32.lib oleaut32.lib uuid.lib odbc32.lib odbccp32.lib /MANIFEST /MANIFESTUAC:"level='asInvoker' uiAccess='false'" /manifest:embed /DEBUG /PDB:"D:\VC\DmFmRecTag\Release\DmFmRecTag.pdb" /OPT:REF /OPT:ICF /LTCG /TLBID:1 /DYNAMICBASE /NXCOMPAT /IMPLIB:"D:\VC\DmFmRecTag\Release\DmFmRecTag.lib" /MACHINE:X86 /SAFESEH Release\DmItem.obj
         Release\Source.obj
         Generating code
         Finished generating code
         DmFmRecTag.vcxproj -> D:\VC\DmFmRecTag\Release\DmFmRecTag.exe
     1>Done Building Project "D:\VC\DmFmRecTag\DmFmRecTag\DmFmRecTag.vcxproj" (Build target(s)).

Build succeeded.

Time Elapsed 00:00:06.01
